<?xml version="1.0" encoding="UTF-8" ?>
<testsuite tests="4" failures="0" name="pers.dreamer07.testcode.BeanTest" time="1.08" errors="0" skipped="0">
  <properties>
[...]
</properties>
  <testcase classname="pers.dreamer07.testcode.BeanTest" name="test" time="0.846"/>
  <testcase classname="pers.dreamer07.testcode.BeanTest" name="test2" time="0.067"/>
  <testcase classname="pers.dreamer07.testcode.BeanTest" name="test3" time="0.093"/>
  <testcase classname="pers.dreamer07.testcode.BeanTest" name="test4" time="0.074"/>
</testsuite>